<?xml version="1.0" encoding="UTF-8"?>
<testng-results ignored="0" total="1" passed="1" failed="0" skipped="0">
  <reporter-output>
  </reporter-output>
  <suite started-at="2021-12-30T00:51:18 GMT" name="All Test Suite" finished-at="2021-12-30T00:51:26 GMT" duration-ms="8730">
    <groups>
      <group name="cucumber">
        <method signature="AbstractTestNGCucumberTests.runScenario(io.cucumber.testng.PickleWrapper,io.cucumber.testng.FeatureWrapper)[pri:0, instance:com.Test.Arunkumar.TestNGRunner.RegressionTestngRunner@27462a88]" name="runScenario" class="io.cucumber.testng.AbstractTestNGCucumberTests"/>
      </group> <!-- cucumber -->
    </groups>
    <test started-at="2021-12-30T00:51:18 GMT" name="Regression Suite" finished-at="2021-12-30T00:51:26 GMT" duration-ms="8730">
      <class name="com.Test.Arunkumar.TestNGRunner.RegressionTestngRunner">
        <test-method is-config="true" signature="setUpClass()[pri:0, instance:com.Test.Arunkumar.TestNGRunner.RegressionTestngRunner@27462a88]" started-at="2021-12-30T00:51:18 GMT" name="setUpClass" finished-at="2021-12-30T00:51:18 GMT" duration-ms="549" status="PASS">
          <reporter-output>
          </reporter-output>
        </test-method> <!-- setUpClass -->
        <test-method signature="runScenario(io.cucumber.testng.PickleWrapper,io.cucumber.testng.FeatureWrapper)[pri:0, instance:com.Test.Arunkumar.TestNGRunner.RegressionTestngRunner@27462a88]" started-at="2021-12-30T00:51:18 GMT" name="runScenario" description="Runs Cucumber Scenarios" data-provider="scenarios" finished-at="2021-12-30T00:51:25 GMT" duration-ms="7139" status="PASS">
          <params>
            <param index="0">
              <value>
                <![CDATA["This script is to verify that create and complete product order"]]>
              </value>
            </param>
            <param index="1">
              <value>
                <![CDATA["Optional[Product Order Confirmation]"]]>
              </value>
            </param>
          </params>
          <reporter-output>
          </reporter-output>
        </test-method> <!-- runScenario -->
        <test-method is-config="true" signature="tearDownClass()[pri:0, instance:com.Test.Arunkumar.TestNGRunner.RegressionTestngRunner@27462a88]" started-at="2021-12-30T00:51:25 GMT" name="tearDownClass" finished-at="2021-12-30T00:51:26 GMT" duration-ms="998" status="PASS">
          <reporter-output>
          </reporter-output>
        </test-method> <!-- tearDownClass -->
      </class> <!-- com.Test.Arunkumar.TestNGRunner.RegressionTestngRunner -->
    </test> <!-- Regression Suite -->
  </suite> <!-- All Test Suite -->
</testng-results>
